


ARM Macro Assembler    Page 1 


    1 00000000                 AREA             PROGRAM, CODE, READONLY
    2 00000000         ENTRY
    3 00000000 E3A0000F        MOV              R0,#15
    4 00000004 E3500001        CMP              R0,#01
    5 00000008 0A00000C        BEQ              PRIME
    6 0000000C E3500002        CMP              R0,#02
    7 00000010 0A00000A        BEQ              PRIME
    8 00000014 E1A01000        MOV              R1,R0
    9 00000018 E3A02002        MOV              R2,#02
   10 0000001C         UP
   11 0000001C EB000009        BL               DIVISION
   12 00000020 E3580000        CMP              R8,#00
   13 00000024 0A000003        BEQ              NOTPRIME
   14 00000028 E2822001        ADD              R2,R2,#01
   15 0000002C E1520001        CMP              R2,R1
   16 00000030 0A000002        BEQ              PRIME
   17 00000034 EAFFFFF8        B                UP
   18 00000038         NOTPRIME
   19 00000038 E59F3024        LDR              R3,=0x11111111
   20 0000003C EA000000        B                STOP
   21 00000040         PRIME
   22 00000040 E3E03000        LDR              R3,=0xFFFFFFFF
   23 00000044 EAFFFFFE 
                       STOP    B                STOP
   24 00000048         
   25 00000048         DIVISION
   26 00000048 E1A08000        MOV              R8,R0
   27 0000004C E1A09002        MOV              R9,R2
   28 00000050         LOOP
   29 00000050 E0488009        SUB              R8,R8,R9
   30 00000054 E28AA001        ADD              R10,R10,#01
   31 00000058 E1580009        CMP              R8,R9
   32 0000005C 5AFFFFFB        BPL              LOOP
   33 00000060 E1A0F00E        MOV              PC,LR
   34 00000064         END
                       
              11111111 
Command Line: --debug --xref --diag_suppress=9931 --bi --apcs=interwork --depen
d=.\objects\prime.d -o.\objects\prime.o -IC:\Keil_v5\ARM\RV31\INC -IC:\Keil_v5\
ARM\CMSIS\Include --predefine="__EVAL SETA 1" --predefine="__UVISION_VERSION SE
TA 525" --list=.\listings\prime.lst prime.asm



ARM Macro Assembler    Page 1 Alphabetic symbol ordering
Relocatable symbols

DIVISION 00000048

Symbol: DIVISION
   Definitions
      At line 25 in file prime.asm
   Uses
      At line 11 in file prime.asm
Comment: DIVISION used once
END 00000064

Symbol: END
   Definitions
      At line 34 in file prime.asm
   Uses
      None
Comment: END unused
ENTRY 00000000

Symbol: ENTRY
   Definitions
      At line 2 in file prime.asm
   Uses
      None
Comment: ENTRY unused
LOOP 00000050

Symbol: LOOP
   Definitions
      At line 28 in file prime.asm
   Uses
      At line 32 in file prime.asm
Comment: LOOP used once
NOTPRIME 00000038

Symbol: NOTPRIME
   Definitions
      At line 18 in file prime.asm
   Uses
      At line 13 in file prime.asm
Comment: NOTPRIME used once
PRIME 00000040

Symbol: PRIME
   Definitions
      At line 21 in file prime.asm
   Uses
      At line 5 in file prime.asm
      At line 7 in file prime.asm
      At line 16 in file prime.asm

PROGRAM 00000000

Symbol: PROGRAM
   Definitions
      At line 1 in file prime.asm
   Uses
      None
Comment: PROGRAM unused
STOP 00000044



ARM Macro Assembler    Page 2 Alphabetic symbol ordering
Relocatable symbols


Symbol: STOP
   Definitions
      At line 23 in file prime.asm
   Uses
      At line 20 in file prime.asm
      At line 23 in file prime.asm

UP 0000001C

Symbol: UP
   Definitions
      At line 10 in file prime.asm
   Uses
      At line 17 in file prime.asm
Comment: UP used once
9 symbols
343 symbols in table
